Determining if the pthread_create exist failed with the following output:
Change Dir: /home/shaxpy/ey_catkin/build/pkg_ros_actions/CMakeFiles/CMakeTmp

Run Build Command:"/usr/bin/make" "cmTC_61bf8/fast"
/usr/bin/make -f CMakeFiles/cmTC_61bf8.dir/build.make CMakeFiles/cmTC_61bf8.dir/build
make[1]: Entering directory '/home/shaxpy/ey_catkin/build/pkg_ros_actions/CMakeFiles/CMakeTmp'
Building C object CMakeFiles/cmTC_61bf8.dir/CheckSymbolExists.c.o
/home/shaxpy/anaconda3/bin/x86_64-conda_cos6-linux-gnu-cc   -march=nocona -mtune=haswell -ftree-vectorize -fPIC -fstack-protector-strong -fno-plt -O2 -ffunction-sections -pipe -isystem /home/shaxpy/anaconda3/include    -o CMakeFiles/cmTC_61bf8.dir/CheckSymbolExists.c.o   -c /home/shaxpy/ey_catkin/build/pkg_ros_actions/CMakeFiles/CMakeTmp/CheckSymbolExists.c
Linking C executable cmTC_61bf8
/usr/bin/cmake -E cmake_link_script CMakeFiles/cmTC_61bf8.dir/link.txt --verbose=1
/home/shaxpy/anaconda3/bin/x86_64-conda_cos6-linux-gnu-cc -march=nocona -mtune=haswell -ftree-vectorize -fPIC -fstack-protector-strong -fno-plt -O2 -ffunction-sections -pipe -isystem /home/shaxpy/anaconda3/include   -Wl,-O2 -Wl,--sort-common -Wl,--as-needed -Wl,-z,relro -Wl,-z,now -Wl,--disable-new-dtags -Wl,--gc-sections -Wl,-rpath,/home/shaxpy/anaconda3/lib -Wl,-rpath-link,/home/shaxpy/anaconda3/lib -L/home/shaxpy/anaconda3/lib  -rdynamic CMakeFiles/cmTC_61bf8.dir/CheckSymbolExists.c.o  -o cmTC_61bf8 
/home/shaxpy/anaconda3/bin/../lib/gcc/x86_64-conda_cos6-linux-gnu/7.3.0/../../../../x86_64-conda_cos6-linux-gnu/bin/ld: CMakeFiles/cmTC_61bf8.dir/CheckSymbolExists.c.o: in function `main':
CheckSymbolExists.c:(.text.startup.main+0x3): undefined reference to `pthread_create'
collect2: error: ld returned 1 exit status
CMakeFiles/cmTC_61bf8.dir/build.make:97: recipe for target 'cmTC_61bf8' failed
make[1]: *** [cmTC_61bf8] Error 1
make[1]: Leaving directory '/home/shaxpy/ey_catkin/build/pkg_ros_actions/CMakeFiles/CMakeTmp'
Makefile:126: recipe for target 'cmTC_61bf8/fast' failed
make: *** [cmTC_61bf8/fast] Error 2

File /home/shaxpy/ey_catkin/build/pkg_ros_actions/CMakeFiles/CMakeTmp/CheckSymbolExists.c:
/* */
#include <pthread.h>

int main(int argc, char** argv)
{
  (void)argv;
#ifndef pthread_create
  return ((int*)(&pthread_create))[argc];
#else
  (void)argc;
  return 0;
#endif
}

Determining if the function pthread_create exists in the pthreads failed with the following output:
Change Dir: /home/shaxpy/ey_catkin/build/pkg_ros_actions/CMakeFiles/CMakeTmp

Run Build Command:"/usr/bin/make" "cmTC_23e48/fast"
/usr/bin/make -f CMakeFiles/cmTC_23e48.dir/build.make CMakeFiles/cmTC_23e48.dir/build
make[1]: Entering directory '/home/shaxpy/ey_catkin/build/pkg_ros_actions/CMakeFiles/CMakeTmp'
Building C object CMakeFiles/cmTC_23e48.dir/CheckFunctionExists.c.o
/home/shaxpy/anaconda3/bin/x86_64-conda_cos6-linux-gnu-cc   -march=nocona -mtune=haswell -ftree-vectorize -fPIC -fstack-protector-strong -fno-plt -O2 -ffunction-sections -pipe -isystem /home/shaxpy/anaconda3/include -DCHECK_FUNCTION_EXISTS=pthread_create   -o CMakeFiles/cmTC_23e48.dir/CheckFunctionExists.c.o   -c /usr/share/cmake-3.10/Modules/CheckFunctionExists.c
Linking C executable cmTC_23e48
/usr/bin/cmake -E cmake_link_script CMakeFiles/cmTC_23e48.dir/link.txt --verbose=1
/home/shaxpy/anaconda3/bin/x86_64-conda_cos6-linux-gnu-cc -march=nocona -mtune=haswell -ftree-vectorize -fPIC -fstack-protector-strong -fno-plt -O2 -ffunction-sections -pipe -isystem /home/shaxpy/anaconda3/include -DCHECK_FUNCTION_EXISTS=pthread_create  -Wl,-O2 -Wl,--sort-common -Wl,--as-needed -Wl,-z,relro -Wl,-z,now -Wl,--disable-new-dtags -Wl,--gc-sections -Wl,-rpath,/home/shaxpy/anaconda3/lib -Wl,-rpath-link,/home/shaxpy/anaconda3/lib -L/home/shaxpy/anaconda3/lib  -rdynamic CMakeFiles/cmTC_23e48.dir/CheckFunctionExists.c.o  -o cmTC_23e48 -lpthreads 
/home/shaxpy/anaconda3/bin/../lib/gcc/x86_64-conda_cos6-linux-gnu/7.3.0/../../../../x86_64-conda_cos6-linux-gnu/bin/ld: cannot find -lpthreads
collect2: error: ld returned 1 exit status
CMakeFiles/cmTC_23e48.dir/build.make:97: recipe for target 'cmTC_23e48' failed
make[1]: *** [cmTC_23e48] Error 1
make[1]: Leaving directory '/home/shaxpy/ey_catkin/build/pkg_ros_actions/CMakeFiles/CMakeTmp'
Makefile:126: recipe for target 'cmTC_23e48/fast' failed
make: *** [cmTC_23e48/fast] Error 2


